Using pre-set license
Built from '2020.2/release' branch; Version is '2020.2.2f1 (068178b99f32) revision 426360'; Using compiler version '192528614'; Build Type 'Release'
OS: 'Windows 10 Enterprise; OS build 18363.1500; Version 1909; 64bit' Language: 'en' Physical Memory: 16304 MB
BatchMode: 1, IsHumanControllingUs: 0, StartBugReporterOnCrash: 0, Is64bit: 1, IsPro: 0

 COMMAND LINE ARGUMENTS:
C:\Program Files\Unity\Editor\Unity.exe
-adb2
-batchMode
-noUpm
-name
AssetImportWorker0
-projectPath
C:/Users/jackson.king/Documents/GameDesignAs3_MultiplayerFPS/TempUnity/New Unity Project
-logFile
Logs/AssetImportWorker0.log
-srvPort
57862
Successfully changed project path to: C:/Users/jackson.king/Documents/GameDesignAs3_MultiplayerFPS/TempUnity/New Unity Project
C:/Users/jackson.king/Documents/GameDesignAs3_MultiplayerFPS/TempUnity/New Unity Project
Using Asset Import Pipeline V2.
Refreshing native plugins compatible for Editor in 21.84 ms, found 0 plugins.
Preloading 0 native plugins for Editor in 0.00 ms.
Initialize engine version: 2020.2.2f1 (068178b99f32)
[Subsystems] Discovering subsystems at path C:/Program Files/Unity/Editor/Data/Resources/UnitySubsystems
[Subsystems] Discovering subsystems at path C:/Users/jackson.king/Documents/GameDesignAs3_MultiplayerFPS/TempUnity/New Unity Project/Assets
GfxDevice: creating device client; threaded=0
Direct3D:
    Version:  Direct3D 11.0 [level 11.1]
    Renderer: NVIDIA Quadro M5000  (ID=0x13f0)
    Vendor:   
    VRAM:     8092 MB
    Driver:   10.18.13.5362
Initialize mono
Mono path[0] = 'C:/Program Files/Unity/Editor/Data/Managed'
Mono path[1] = 'C:/Program Files/Unity/Editor/Data/MonoBleedingEdge/lib/mono/unityjit'
Mono config path = 'C:/Program Files/Unity/Editor/Data/MonoBleedingEdge/etc'
Using monoOptions --debugger-agent=transport=dt_socket,embedding=1,server=y,suspend=n,address=127.0.0.1:56264
Begin MonoManager ReloadAssembly
Registering precompiled unity dll's ...
Register platform support module: C:/Program Files/Unity/Editor/Data/PlaybackEngines/WindowsStandaloneSupport/UnityEditor.WindowsStandalone.Extensions.dll
Registered in 0.001353 seconds.
Native extension for WindowsStandalone target not found
Refreshing native plugins compatible for Editor in 26.12 ms, found 0 plugins.
Preloading 0 native plugins for Editor in 0.00 ms.
Invoked RoslynAnalysisRunner static constructor.
RoslynAnalysisRunner will not be running.
RoslynAnalysisRunner has terminated.
Mono: successfully reloaded assembly
- Completed reload, in  0.919 seconds
Platform modules already initialized, skipping
Registering precompiled user dll's ...
Registered in 0.000694 seconds.
Begin MonoManager ReloadAssembly
Native extension for WindowsStandalone target not found
Refreshing native plugins compatible for Editor in 0.19 ms, found 0 plugins.
Preloading 0 native plugins for Editor in 0.00 ms.
Invoked RoslynAnalysisRunner static constructor.
RoslynAnalysisRunner will not be running.
RoslynAnalysisRunner has terminated.
Mono: successfully reloaded assembly
- Completed reload, in  0.845 seconds
Platform modules already initialized, skipping
========================================================================
Worker process is ready to serve import requests
Launched and connected shader compiler UnityShaderCompiler.exe after 0.05 seconds
Refreshing native plugins compatible for Editor in 0.18 ms, found 0 plugins.
Preloading 0 native plugins for Editor in 0.00 ms.
Unloading 1099 Unused Serialized files (Serialized files now loaded: 0)
System memory in use before: 56.8 MB.
System memory in use after: 56.9 MB.

Unloading 9 unused Assets to reduce memory usage. Loaded Objects now: 1541.
Total: 2.985400 ms (FindLiveObjects: 0.206700 ms CreateObjectMapping: 0.064400 ms MarkObjects: 2.593300 ms  DeleteObjects: 0.120000 ms)

========================================================================
Received Import Request.
  path: Assets
  artifactKey: Guid(00000000000000001000000000000000) Importer(815301076,1909f56bfc062723c751e8b465ee728b)
Start importing Assets using Guid(00000000000000001000000000000000) Importer(815301076,1909f56bfc062723c751e8b465ee728b)  -> (artifact id: '4a6e520b92ccfc61bcfa21a7bcab8468') in 0.007492 seconds
  Import took 0.009330 seconds .

========================================================================
Received Import Request.
  Time since last request: 1.941717 seconds.
  path: Assets/Code
  artifactKey: Guid(ec4113cd29a764540905fcfd5db91da1) Importer(815301076,1909f56bfc062723c751e8b465ee728b)
Start importing Assets/Code using Guid(ec4113cd29a764540905fcfd5db91da1) Importer(815301076,1909f56bfc062723c751e8b465ee728b)  -> (artifact id: 'a84ccca126136e6a98ffbd6678ee46a1') in 0.009245 seconds
  Import took 0.011311 seconds .

========================================================================
Received Import Request.
  Time since last request: 0.007794 seconds.
  path: Assets/Code
  artifactKey: Guid(ec4113cd29a764540905fcfd5db91da1) Importer(815301076,1909f56bfc062723c751e8b465ee728b)
Start importing Assets/Code using Guid(ec4113cd29a764540905fcfd5db91da1) Importer(815301076,1909f56bfc062723c751e8b465ee728b)  -> (artifact id: 'a84ccca126136e6a98ffbd6678ee46a1') in 0.002164 seconds
  Import took 0.004757 seconds .

========================================================================
Received Import Request.
  Time since last request: 0.421305 seconds.
  path: Assets/Code 1
  artifactKey: Guid(0c3cbde1df813334fa7615ef666012ef) Importer(815301076,1909f56bfc062723c751e8b465ee728b)
Start importing Assets/Code 1 using Guid(0c3cbde1df813334fa7615ef666012ef) Importer(815301076,1909f56bfc062723c751e8b465ee728b)  -> (artifact id: 'f3cb7fba0e9eec101616756047cab98e') in 0.007536 seconds
  Import took 0.009834 seconds .

========================================================================
Received Import Request.
  Time since last request: 0.000396 seconds.
  path: Assets/Code 1
  artifactKey: Guid(0c3cbde1df813334fa7615ef666012ef) Importer(815301076,1909f56bfc062723c751e8b465ee728b)
Start importing Assets/Code 1 using Guid(0c3cbde1df813334fa7615ef666012ef) Importer(815301076,1909f56bfc062723c751e8b465ee728b)  -> (artifact id: 'f3cb7fba0e9eec101616756047cab98e') in 0.002075 seconds
  Import took 0.004880 seconds .

========================================================================
Received Import Request.
  Time since last request: 1.156296 seconds.
  path: Assets/Art
  artifactKey: Guid(0c3cbde1df813334fa7615ef666012ef) Importer(815301076,1909f56bfc062723c751e8b465ee728b)
Start importing Assets/Art using Guid(0c3cbde1df813334fa7615ef666012ef) Importer(815301076,1909f56bfc062723c751e8b465ee728b)  -> (artifact id: 'ba4270a9a83a698ea4e1ad754b0756cc') in 0.007378 seconds
  Import took 0.009187 seconds .

========================================================================
Received Import Request.
  Time since last request: 0.288434 seconds.
  path: Assets/Art 1
  artifactKey: Guid(51ed878294c8442429f8afea109d5369) Importer(815301076,1909f56bfc062723c751e8b465ee728b)
Start importing Assets/Art 1 using Guid(51ed878294c8442429f8afea109d5369) Importer(815301076,1909f56bfc062723c751e8b465ee728b)  -> (artifact id: 'c90c184c948d6778237b6af2943fe243') in 0.007092 seconds
  Import took 0.009006 seconds .

========================================================================
Received Import Request.
  Time since last request: 1.644020 seconds.
  path: Assets/Prefab
  artifactKey: Guid(51ed878294c8442429f8afea109d5369) Importer(815301076,1909f56bfc062723c751e8b465ee728b)
Start importing Assets/Prefab using Guid(51ed878294c8442429f8afea109d5369) Importer(815301076,1909f56bfc062723c751e8b465ee728b)  -> (artifact id: '2057bd77402040794182493b42b81187') in 0.007033 seconds
  Import took 0.008786 seconds .

========================================================================
Received Import Request.
  Time since last request: 0.267968 seconds.
  path: Assets/Prefab 1
  artifactKey: Guid(34c1fc7f83dbe2042a4994c17c335e09) Importer(815301076,1909f56bfc062723c751e8b465ee728b)
Start importing Assets/Prefab 1 using Guid(34c1fc7f83dbe2042a4994c17c335e09) Importer(815301076,1909f56bfc062723c751e8b465ee728b)  -> (artifact id: '515fa240a3d8103dd7c255f07785b802') in 0.007746 seconds
  Import took 0.009637 seconds .

AssetImportWorkerClient::OnTransportError - code=2 error=End of file
